

Microchip MPLAB XC8 Assembler V2.41 build 20230208172133 
                                                                                               Sun Jun 04 19:03:07 2023

Microchip MPLAB XC8 C Compiler v2.41 (Free license) build 20230208172133 Og1 
     1                           	processor	16F877A
     2                           	pagewidth 120
     3                           	opt	flic
     4                           	psect	cinit,global,class=CODE,merge=1,delta=2
     5                           	psect	cstackCOMMON,global,class=COMMON,space=1,delta=1,noexec
     6                           	psect	maintext,global,class=CODE,split=1,delta=2
     7                           	psect	text1,local,class=CODE,merge=1,delta=2
     8                           	psect	idloc,global,abs,ovrld,class=IDLOC,space=5,delta=2,noexec
     9                           	psect	config,global,abs,ovrld,class=CONFIG,space=4,delta=2,noexec
    10                           	dabs	1,0x7E,2
    11     0000                     
    12                           ; Generated 09/02/2023 GMT
    13                           ; 
    14                           ; Copyright © 2023, Microchip Technology Inc. and its subsidiaries ("Microchip")
    15                           ; All rights reserved.
    16                           ; 
    17                           ; This software is developed by Microchip Technology Inc. and its subsidiaries ("Microch
      +                          ip").
    18                           ; 
    19                           ; Redistribution and use in source and binary forms, with or without modification, are
    20                           ; permitted provided that the following conditions are met:
    21                           ; 
    22                           ;     1. Redistributions of source code must retain the above copyright notice, this lis
      +                          t of
    23                           ;        conditions and the following disclaimer.
    24                           ; 
    25                           ;     2. Redistributions in binary form must reproduce the above copyright notice, this 
      +                          list
    26                           ;        of conditions and the following disclaimer in the documentation and/or other
    27                           ;        materials provided with the distribution. Publication is not required when
    28                           ;        this file is used in an embedded application.
    29                           ; 
    30                           ;     3. Microchip's name may not be used to endorse or promote products derived from th
      +                          is
    31                           ;        software without specific prior written permission.
    32                           ; 
    33                           ; THIS SOFTWARE IS PROVIDED BY MICROCHIP "AS IS" AND ANY EXPRESS OR IMPLIED WARRANTIES,
    34                           ; INCLUDING, BUT NOT LIMITED TO, THE IMPLIED WARRANTIES OF MERCHANTABILITY AND FITNESS F
      +                          OR
    35                           ; PURPOSE ARE DISCLAIMED.  IN NO EVENT SHALL MICROCHIP BE LIABLE FOR ANY DIRECT, INDIREC
      +                          T,
    36                           ; INCIDENTAL, SPECIAL, EXEMPLARY, OR CONSEQUENTIAL DAMAGES (INCLUDING BUT NOT LIMITED TO
    37                           ; PROCUREMENT OF SUBSTITUTE GOODS OR SERVICES; LOSS OF USE, DATA OR PROFITS; OR BUSINESS
    38                           ; INTERRUPTION) HOWSOEVER CAUSED AND ON ANY THEORY OF LIABILITY, WHETHER IN CONTRACT, ST
      +                          RICT
    39                           ; LIABILITY, OR TORT (INCLUDING NEGLIGENCE OR OTHERWISE) ARISING IN ANY WAY OUT OF THE U
      +                          SE OF
    40                           ; THIS SOFTWARE, EVEN IF ADVISED OF THE POSSIBILITY OF SUCH DAMAGE.
    41                           ; 
    42                           ; 
    43                           ; Code-generator required, PIC16F877A Definitions
    44                           ; 
    45                           ; SFR Addresses
    46     0000                     	;# 
    47     0001                     	;# 
    48     0002                     	;# 
    49     0003                     	;# 
    50     0004                     	;# 
    51     0005                     	;# 
    52     0006                     	;# 
    53     0007                     	;# 
    54     0008                     	;# 
    55     0009                     	;# 
    56     000A                     	;# 
    57     000B                     	;# 
    58     000C                     	;# 
    59     000D                     	;# 
    60     000E                     	;# 
    61     000E                     	;# 
    62     000F                     	;# 
    63     0010                     	;# 
    64     0011                     	;# 
    65     0012                     	;# 
    66     0013                     	;# 
    67     0014                     	;# 
    68     0015                     	;# 
    69     0015                     	;# 
    70     0016                     	;# 
    71     0017                     	;# 
    72     0018                     	;# 
    73     0019                     	;# 
    74     001A                     	;# 
    75     001B                     	;# 
    76     001B                     	;# 
    77     001C                     	;# 
    78     001D                     	;# 
    79     001E                     	;# 
    80     001F                     	;# 
    81     0081                     	;# 
    82     0085                     	;# 
    83     0086                     	;# 
    84     0087                     	;# 
    85     0088                     	;# 
    86     0089                     	;# 
    87     008C                     	;# 
    88     008D                     	;# 
    89     008E                     	;# 
    90     0091                     	;# 
    91     0092                     	;# 
    92     0093                     	;# 
    93     0094                     	;# 
    94     0098                     	;# 
    95     0099                     	;# 
    96     009C                     	;# 
    97     009D                     	;# 
    98     009E                     	;# 
    99     009F                     	;# 
   100     010C                     	;# 
   101     010D                     	;# 
   102     010E                     	;# 
   103     010F                     	;# 
   104     018C                     	;# 
   105     018D                     	;# 
   106     0000                     	;# 
   107     0001                     	;# 
   108     0002                     	;# 
   109     0003                     	;# 
   110     0004                     	;# 
   111     0005                     	;# 
   112     0006                     	;# 
   113     0007                     	;# 
   114     0008                     	;# 
   115     0009                     	;# 
   116     000A                     	;# 
   117     000B                     	;# 
   118     000C                     	;# 
   119     000D                     	;# 
   120     000E                     	;# 
   121     000E                     	;# 
   122     000F                     	;# 
   123     0010                     	;# 
   124     0011                     	;# 
   125     0012                     	;# 
   126     0013                     	;# 
   127     0014                     	;# 
   128     0015                     	;# 
   129     0015                     	;# 
   130     0016                     	;# 
   131     0017                     	;# 
   132     0018                     	;# 
   133     0019                     	;# 
   134     001A                     	;# 
   135     001B                     	;# 
   136     001B                     	;# 
   137     001C                     	;# 
   138     001D                     	;# 
   139     001E                     	;# 
   140     001F                     	;# 
   141     0081                     	;# 
   142     0085                     	;# 
   143     0086                     	;# 
   144     0087                     	;# 
   145     0088                     	;# 
   146     0089                     	;# 
   147     008C                     	;# 
   148     008D                     	;# 
   149     008E                     	;# 
   150     0091                     	;# 
   151     0092                     	;# 
   152     0093                     	;# 
   153     0094                     	;# 
   154     0098                     	;# 
   155     0099                     	;# 
   156     009C                     	;# 
   157     009D                     	;# 
   158     009E                     	;# 
   159     009F                     	;# 
   160     010C                     	;# 
   161     010D                     	;# 
   162     010E                     	;# 
   163     010F                     	;# 
   164     018C                     	;# 
   165     018D                     	;# 
   166     0006                     _PORTBbits	set	6
   167     0437                     _TRISB7	set	1079
   168                           
   169                           	psect	cinit
   170     07FC                     start_initialization:	
   171                           ; #config settings
   172                           
   173     07FC                     __initialization:
   174     07FC                     end_of_initialization:	
   175                           ;End of C runtime variable initialization code
   176                           
   177     07FC                     __end_of__initialization:
   178     07FC  0183               	clrf	3
   179     07FD  120A  118A  2FD3   	ljmp	_main	;jump to C main() function
   180                           
   181                           	psect	cstackCOMMON
   182     0070                     __pcstackCOMMON:
   183     0070                     ?_int_Port:
   184     0070                     ??_int_Port:	
   185                           ; 1 bytes @ 0x0
   186                           
   187     0070                     ?_main:	
   188                           ; 1 bytes @ 0x0
   189                           
   190     0070                     ??_main:	
   191                           ; 1 bytes @ 0x0
   192                           
   193                           
   194                           ; 1 bytes @ 0x0
   195     0070                     	ds	3
   196                           
   197                           	psect	maintext
   198     07D3                     __pmaintext:	
   199 ;;
   200 ;;Main: autosize = 0, tempsize = 3, incstack = 0, save=0
   201 ;;
   202 ;; *************** function _main *****************
   203 ;; Defined at:
   204 ;;		line 20 in file "main.c"
   205 ;; Parameters:    Size  Location     Type
   206 ;;		None
   207 ;; Auto vars:     Size  Location     Type
   208 ;;		None
   209 ;; Return value:  Size  Location     Type
   210 ;;                  1    wreg      void 
   211 ;; Registers used:
   212 ;;		wreg, status,2, status,0, pclath, cstack
   213 ;; Tracked objects:
   214 ;;		On entry : B00/0
   215 ;;		On exit  : 0/0
   216 ;;		Unchanged: 0/0
   217 ;; Data sizes:     COMMON   BANK0   BANK1   BANK3   BANK2
   218 ;;      Params:         0       0       0       0       0
   219 ;;      Locals:         0       0       0       0       0
   220 ;;      Temps:          3       0       0       0       0
   221 ;;      Totals:         3       0       0       0       0
   222 ;;Total ram usage:        3 bytes
   223 ;; Hardware stack levels required when called: 1
   224 ;; This function calls:
   225 ;;		_int_Port
   226 ;; This function is called by:
   227 ;;		Startup code after reset
   228 ;; This function uses a non-reentrant model
   229 ;;
   230                           
   231     07D3                     _main:	
   232                           ;psect for function _main
   233                           
   234     07D3                     l613:	
   235                           ;incstack = 0
   236                           ; Regs used in _main: [wreg+status,2+status,0+pclath+cstack]
   237                           
   238                           
   239                           ;main.c: 21: int_Port();
   240     07D3  120A  118A  27CF  120A  118A  	fcall	_int_Port
   241     07D8                     l615:
   242                           
   243                           ;main.c: 23: PORTBbits.RB7 = 1;
   244     07D8  1283               	bcf	3,5	;RP0=0, select bank0
   245     07D9  1303               	bcf	3,6	;RP1=0, select bank0
   246     07DA  1786               	bsf	6,7	;volatile
   247     07DB                     l617:
   248                           
   249                           ;main.c: 24: _delay((unsigned long)((200)*(20000000/4000.0)));
   250     07DB  3006               	movlw	6
   251     07DC  00F2               	movwf	??_main+2
   252     07DD  3013               	movlw	19
   253     07DE  00F1               	movwf	??_main+1
   254     07DF  30AD               	movlw	173
   255     07E0  00F0               	movwf	??_main
   256     07E1                     u17:
   257     07E1  0BF0               	decfsz	??_main,f
   258     07E2  2FE1               	goto	u17
   259     07E3  0BF1               	decfsz	??_main+1,f
   260     07E4  2FE1               	goto	u17
   261     07E5  0BF2               	decfsz	??_main+2,f
   262     07E6  2FE1               	goto	u17
   263     07E7  2FE8               	nop2
   264     07E8                     l619:
   265                           
   266                           ;main.c: 25: PORTBbits.RB7 = 0 ;
   267     07E8  1283               	bcf	3,5	;RP0=0, select bank0
   268     07E9  1303               	bcf	3,6	;RP1=0, select bank0
   269     07EA  1386               	bcf	6,7	;volatile
   270     07EB                     l621:
   271                           
   272                           ;main.c: 26: _delay((unsigned long)((200)*(20000000/4000.0)));
   273     07EB  3006               	movlw	6
   274     07EC  00F2               	movwf	??_main+2
   275     07ED  3013               	movlw	19
   276     07EE  00F1               	movwf	??_main+1
   277     07EF  30AD               	movlw	173
   278     07F0  00F0               	movwf	??_main
   279     07F1                     u27:
   280     07F1  0BF0               	decfsz	??_main,f
   281     07F2  2FF1               	goto	u27
   282     07F3  0BF1               	decfsz	??_main+1,f
   283     07F4  2FF1               	goto	u27
   284     07F5  0BF2               	decfsz	??_main+2,f
   285     07F6  2FF1               	goto	u27
   286     07F7  2FF8               	nop2
   287     07F8  2FD8               	goto	l615
   288     07F9  120A  118A  2800   	ljmp	start
   289     07FC                     __end_of_main:
   290                           
   291                           	psect	text1
   292     07CF                     __ptext1:	
   293 ;; *************** function _int_Port *****************
   294 ;; Defined at:
   295 ;;		line 31 in file "main.c"
   296 ;; Parameters:    Size  Location     Type
   297 ;;		None
   298 ;; Auto vars:     Size  Location     Type
   299 ;;		None
   300 ;; Return value:  Size  Location     Type
   301 ;;                  1    wreg      void 
   302 ;; Registers used:
   303 ;;		None
   304 ;; Tracked objects:
   305 ;;		On entry : 0/0
   306 ;;		On exit  : 0/0
   307 ;;		Unchanged: 0/0
   308 ;; Data sizes:     COMMON   BANK0   BANK1   BANK3   BANK2
   309 ;;      Params:         0       0       0       0       0
   310 ;;      Locals:         0       0       0       0       0
   311 ;;      Temps:          0       0       0       0       0
   312 ;;      Totals:         0       0       0       0       0
   313 ;;Total ram usage:        0 bytes
   314 ;; Hardware stack levels used: 1
   315 ;; This function calls:
   316 ;;		Nothing
   317 ;; This function is called by:
   318 ;;		_main
   319 ;; This function uses a non-reentrant model
   320 ;;
   321                           
   322     07CF                     _int_Port:	
   323                           ;psect for function _int_Port
   324                           
   325     07CF                     l611:	
   326                           ;incstack = 0
   327                           ; Regs used in _int_Port: []
   328                           
   329                           
   330                           ;main.c: 32: TRISB7 = 0;
   331     07CF  1683               	bsf	3,5	;RP0=1, select bank1
   332     07D0  1303               	bcf	3,6	;RP1=0, select bank1
   333     07D1  1386               	bcf	6,7	;volatile
   334     07D2                     l19:
   335     07D2  0008               	return
   336     07D3                     __end_of_int_Port:
   337     007E                     btemp	set	126	;btemp
   338     007E                     wtemp0	set	126
   339                           
   340                           	psect	idloc
   341                           
   342                           ;Config register IDLOC0 @ 0x2000
   343                           ;	unspecified, using default values
   344     2000                     	org	8192
   345     2000  3FFF               	dw	16383
   346                           
   347                           ;Config register IDLOC1 @ 0x2001
   348                           ;	unspecified, using default values
   349     2001                     	org	8193
   350     2001  3FFF               	dw	16383
   351                           
   352                           ;Config register IDLOC2 @ 0x2002
   353                           ;	unspecified, using default values
   354     2002                     	org	8194
   355     2002  3FFF               	dw	16383
   356                           
   357                           ;Config register IDLOC3 @ 0x2003
   358                           ;	unspecified, using default values
   359     2003                     	org	8195
   360     2003  3FFF               	dw	16383
   361                           
   362                           	psect	config
   363                           
   364                           ;Config register CONFIG @ 0x2007
   365                           ;	Oscillator Selection bits
   366                           ;	FOSC = EXTRC, RC oscillator
   367                           ;	Watchdog Timer Enable bit
   368                           ;	WDTE = OFF, WDT disabled
   369                           ;	Power-up Timer Enable bit
   370                           ;	PWRTE = OFF, PWRT disabled
   371                           ;	Brown-out Reset Enable bit
   372                           ;	BOREN = ON, BOR enabled
   373                           ;	Low-Voltage (Single-Supply) In-Circuit Serial Programming Enable bit
   374                           ;	LVP = ON, RB3/PGM pin has PGM function; low-voltage programming enabled
   375                           ;	Data EEPROM Memory Code Protection bit
   376                           ;	CPD = OFF, Data EEPROM code protection off
   377                           ;	Flash Program Memory Write Enable bits
   378                           ;	WRT = OFF, Write protection off; all program memory may be written to by EECON control
   379                           ;	In-Circuit Debugger Mode bit
   380                           ;	DEBUG = 0x1, unprogrammed default
   381                           ;	Flash Program Memory Code Protection bit
   382                           ;	CP = OFF, Code protection off
   383     2007                     	org	8199
   384     2007  3FFB               	dw	16379

Data Sizes:
    Strings     0
    Constant    0
    Data        0
    BSS         0
    Persistent  0
    Stack       0

Auto Spaces:
    Space          Size  Autos    Used
    COMMON           14      3       3
    BANK0            80      0       0
    BANK1            80      0       0
    BANK3            96      0       0
    BANK2            96      0       0

Pointer List with Targets:

    None.

Critical Paths under _main in COMMON

    None.

Critical Paths under _main in BANK0

    None.

Critical Paths under _main in BANK1

    None.

Critical Paths under _main in BANK3

    None.

Critical Paths under _main in BANK2

    None.

Call Graph Tables:

 ---------------------------------------------------------------------------------
 (Depth) Function   	        Calls       Base Space   Used Autos Params    Refs
 ---------------------------------------------------------------------------------
 (0) _main                                                 3     3      0       0
                                              0 COMMON     3     3      0
                           _int_Port
 ---------------------------------------------------------------------------------
 (1) _int_Port                                             0     0      0       0
 ---------------------------------------------------------------------------------
 Estimated maximum stack depth 1
 ---------------------------------------------------------------------------------

 Call Graph Graphs:

 _main (ROOT)
   _int_Port

 Address spaces:
Name               Size   Autos  Total    Cost      Usage
BITCOMMON            E      0       0       0        0.0%
EEDATA             100      0       0       0        0.0%
NULL                 0      0       0       0        0.0%
CODE                 0      0       0       0        0.0%
COMMON               E      3       3       1       21.4%
BITSFR0              0      0       0       1        0.0%
SFR0                 0      0       0       1        0.0%
BITSFR1              0      0       0       2        0.0%
SFR1                 0      0       0       2        0.0%
STACK                0      0       0       2        0.0%
ABS                  0      0       0       3        0.0%
BITBANK0            50      0       0       4        0.0%
BITSFR3              0      0       0       4        0.0%
SFR3                 0      0       0       4        0.0%
BANK0               50      0       0       5        0.0%
BITSFR2              0      0       0       5        0.0%
SFR2                 0      0       0       5        0.0%
BITBANK1            50      0       0       6        0.0%
BANK1               50      0       0       7        0.0%
BITBANK3            60      0       0       8        0.0%
BANK3               60      0       0       9        0.0%
BITBANK2            60      0       0      10        0.0%
BANK2               60      0       0      11        0.0%
DATA                 0      0       0      12        0.0%


Microchip Technology PIC Macro Assembler V2.41 build 20230208172133 
Symbol Table                                                                                   Sun Jun 04 19:03:07 2023

                     l19 07D2                       u17 07E1                       u27 07F1  
                    l611 07CF                      l621 07EB                      l613 07D3  
                    l615 07D8                      l617 07DB                      l619 07E8  
                   _main 07D3                     btemp 007E                     start 0000  
                  ?_main 0070                    status 0003                    wtemp0 007E  
        __initialization 07FC             __end_of_main 07FC                   ??_main 0070  
                 _TRISB7 0437         __end_of_int_Port 07D3  __end_of__initialization 07FC  
         __pcstackCOMMON 0070               __pmaintext 07D3                ?_int_Port 0070  
                __ptext1 07CF     end_of_initialization 07FC               ??_int_Port 0070  
              _PORTBbits 0006      start_initialization 07FC                ___latbits 0002  
               _int_Port 07CF  
